<?xml version="1.0" encoding="UTF-8"?>
<testng-results ignored="0" total="1" passed="1" failed="0" skipped="0">
  <reporter-output>
  </reporter-output>
  <suite started-at="2026-05-21T05:15:41 UTC" name="Surefire suite" finished-at="2026-05-21T05:15:47 UTC" duration-ms="5790">
    <groups>
    </groups>
    <test started-at="2026-05-21T05:15:41 UTC" name="Surefire test" finished-at="2026-05-21T05:15:47 UTC" duration-ms="5790">
      <class name="LoginTest">
        <test-method is-config="true" signature="setup()[pri:0, instance:LoginTest@525b461a]" started-at="2026-05-21T05:15:41 UTC" name="setup" finished-at="2026-05-21T05:15:44 UTC" duration-ms="2167" status="PASS">
          <reporter-output>
          </reporter-output>
        </test-method> <!-- setup -->
        <test-method signature="testSuccessfulLogin()[pri:0, instance:LoginTest@525b461a]" started-at="2026-05-21T05:15:44 UTC" name="testSuccessfulLogin" finished-at="2026-05-21T05:15:47 UTC" duration-ms="3477" status="PASS">
          <reporter-output>
          </reporter-output>
        </test-method> <!-- testSuccessfulLogin -->
        <test-method is-config="true" signature="teardown()[pri:0, instance:LoginTest@525b461a]" started-at="2026-05-21T05:15:47 UTC" name="teardown" finished-at="2026-05-21T05:15:47 UTC" duration-ms="114" status="PASS">
          <reporter-output>
          </reporter-output>
        </test-method> <!-- teardown -->
      </class> <!-- LoginTest -->
    </test> <!-- Surefire test -->
  </suite> <!-- Surefire suite -->
</testng-results>
